<?xml version="1.0" encoding="UTF-8"?>
<!-- Generated by org.testng.reporters.JUnitReportReporter -->
<testsuite name="testcase.All_In_one_TestCase" tests="1" time="20.719" ignored="0" failures="0" timestamp="30 Mar 2017 20:18:47 GMT" skipped="0" hostname="thuluva" errors="0">
  <testcase name="TcHomeWtihXpath" time="20.719" classname="testcase.All_In_one_TestCase"/>
</testsuite> <!-- testcase.All_In_one_TestCase -->
