<?xml version="1.0" encoding="UTF-8"?>
<!-- Generated by org.testng.reporters.JUnitReportReporter -->
<testsuite name="testcase.Testing_Xpath" tests="13" time="120.967" ignored="0" failures="0" timestamp="31 Mar 2017 15:46:32 GMT" skipped="0" hostname="thuluva" errors="0">
  <testcase name="Car_RentsWithXpath" time="18.551" classname="testcase.Testing_Xpath"/>
  <testcase name="VocationsWithXpath" time="7.234" classname="testcase.Testing_Xpath"/>
  <testcase name="FeaturedVocationsWithXpath" time="15.501" classname="testcase.Testing_Xpath"/>
  <testcase name="RegisterWithXpath" time="7.769" classname="testcase.Testing_Xpath"/>
  <testcase name="DestinationsWithXpath" time="7.808" classname="testcase.Testing_Xpath"/>
  <testcase name="CruisesWithXpath" time="8.783" classname="testcase.Testing_Xpath"/>
  <testcase name="ContactWithXpath" time="7.938" classname="testcase.Testing_Xpath"/>
  <testcase name="Home_Test" time="6.561" classname="testcase.Testing_Xpath"/>
  <testcase name="FlightsWithXpth" time="8.341" classname="testcase.Testing_Xpath"/>
  <testcase name="SignInWithXpath" time="7.634" classname="testcase.Testing_Xpath"/>
  <testcase name="SupportWithXpath" time="8.385" classname="testcase.Testing_Xpath"/>
  <testcase name="YourDestinationWithXpath" time="7.611" classname="testcase.Testing_Xpath"/>
  <testcase name="HotelsWithXpath" time="8.851" classname="testcase.Testing_Xpath"/>
</testsuite> <!-- testcase.Testing_Xpath -->
