<?xml version="1.0" encoding="UTF-8"?>
<!-- Generated by org.testng.reporters.JUnitReportReporter -->
<testsuite name="testcase.TestNG_Grouping" tests="13" time="99.420" ignored="26" failures="0" timestamp="03 Apr 2017 16:28:18 GMT" skipped="0" hostname="thuluva" errors="0">
  <testcase name="FlightsWithXpth" time="7.204" classname="testcase.TestNG_Grouping"/>
  <testcase name="SupportWithXpath" time="7.914" classname="testcase.TestNG_Grouping"/>
  <testcase name="YourDestinationWithXpath" time="7.156" classname="testcase.TestNG_Grouping"/>
  <testcase name="VocationsWithXpath" time="7.100" classname="testcase.TestNG_Grouping"/>
  <testcase name="SignInWithXpath" time="8.258" classname="testcase.TestNG_Grouping"/>
  <testcase name="RegisterWithXpath" time="8.143" classname="testcase.TestNG_Grouping"/>
  <testcase name="FeaturedVocationsWithXpath" time="8.288" classname="testcase.TestNG_Grouping"/>
  <testcase name="DestinationsWithXpath" time="7.387" classname="testcase.TestNG_Grouping"/>
  <testcase name="ContactWithXpath" time="7.107" classname="testcase.TestNG_Grouping"/>
  <testcase name="CruisesWithXpath" time="7.013" classname="testcase.TestNG_Grouping"/>
  <testcase name="Car_RentsWithXpath" time="7.682" classname="testcase.TestNG_Grouping"/>
  <testcase name="Home_Test" time="8.242" classname="testcase.TestNG_Grouping"/>
  <testcase name="HotelsWithXpath" time="7.926" classname="testcase.TestNG_Grouping"/>
  <testcase name="HotelsWithLinkText" classname="testcase.TestNG_Grouping">
    <skipped/>
  </testcase> <!-- HotelsWithLinkText -->
  <testcase name="ContactWithPartial_LinkText" classname="testcase.TestNG_Grouping">
    <skipped/>
  </testcase> <!-- ContactWithPartial_LinkText -->
  <testcase name="SupportWithLinkText" classname="testcase.TestNG_Grouping">
    <skipped/>
  </testcase> <!-- SupportWithLinkText -->
  <testcase name="Car_RentalsLinkText" classname="testcase.TestNG_Grouping">
    <skipped/>
  </testcase> <!-- Car_RentalsLinkText -->
  <testcase name="VocationsLinkWithPartil_LinkText" classname="testcase.TestNG_Grouping">
    <skipped/>
  </testcase> <!-- VocationsLinkWithPartil_LinkText -->
  <testcase name="Car_RentalsPartial_LinkText" classname="testcase.TestNG_Grouping">
    <skipped/>
  </testcase> <!-- Car_RentalsPartial_LinkText -->
  <testcase name="TcHomeWtihPartial_LinkText" classname="testcase.TestNG_Grouping">
    <skipped/>
  </testcase> <!-- TcHomeWtihPartial_LinkText -->
  <testcase name="RegisterWithPartialLinkText" classname="testcase.TestNG_Grouping">
    <skipped/>
  </testcase> <!-- RegisterWithPartialLinkText -->
  <testcase name="SigninwithPartialLinkText" classname="testcase.TestNG_Grouping">
    <skipped/>
  </testcase> <!-- SigninwithPartialLinkText -->
  <testcase name="ContactWithLinkText" classname="testcase.TestNG_Grouping">
    <skipped/>
  </testcase> <!-- ContactWithLinkText -->
  <testcase name="DestinationLinkWithPartial_LinkText" classname="testcase.TestNG_Grouping">
    <skipped/>
  </testcase> <!-- DestinationLinkWithPartial_LinkText -->
  <testcase name="FlightsWithLinkText" classname="testcase.TestNG_Grouping">
    <skipped/>
  </testcase> <!-- FlightsWithLinkText -->
  <testcase name="DestinationsWithLinkText" classname="testcase.TestNG_Grouping">
    <skipped/>
  </testcase> <!-- DestinationsWithLinkText -->
  <testcase name="VocationsWithLinkText" classname="testcase.TestNG_Grouping">
    <skipped/>
  </testcase> <!-- VocationsWithLinkText -->
  <testcase name="FlightsWithPartial_LinkText" classname="testcase.TestNG_Grouping">
    <skipped/>
  </testcase> <!-- FlightsWithPartial_LinkText -->
  <testcase name="SupportWithPartial_LinkText" classname="testcase.TestNG_Grouping">
    <skipped/>
  </testcase> <!-- SupportWithPartial_LinkText -->
  <testcase name="HotelsWithPartialLinkText" classname="testcase.TestNG_Grouping">
    <skipped/>
  </testcase> <!-- HotelsWithPartialLinkText -->
  <testcase name="VocationsWithPartialLinkText" classname="testcase.TestNG_Grouping">
    <skipped/>
  </testcase> <!-- VocationsWithPartialLinkText -->
  <testcase name="SigninwithLinkText" classname="testcase.TestNG_Grouping">
    <skipped/>
  </testcase> <!-- SigninwithLinkText -->
  <testcase name="TcHomeWtihLinkText" classname="testcase.TestNG_Grouping">
    <skipped/>
  </testcase> <!-- TcHomeWtihLinkText -->
  <testcase name="DestinationsWithPartialLinkText" classname="testcase.TestNG_Grouping">
    <skipped/>
  </testcase> <!-- DestinationsWithPartialLinkText -->
  <testcase name="VocationsLinkWithLinkText" classname="testcase.TestNG_Grouping">
    <skipped/>
  </testcase> <!-- VocationsLinkWithLinkText -->
  <testcase name="DestinationLinkWithLinkText" classname="testcase.TestNG_Grouping">
    <skipped/>
  </testcase> <!-- DestinationLinkWithLinkText -->
  <testcase name="CruisesWithPartialLinkText" classname="testcase.TestNG_Grouping">
    <skipped/>
  </testcase> <!-- CruisesWithPartialLinkText -->
  <testcase name="RegisterWithLinkText" classname="testcase.TestNG_Grouping">
    <skipped/>
  </testcase> <!-- RegisterWithLinkText -->
  <testcase name="CruisesWithLinkText" classname="testcase.TestNG_Grouping">
    <skipped/>
  </testcase> <!-- CruisesWithLinkText -->
</testsuite> <!-- testcase.TestNG_Grouping -->
