<?xml version="1.0" encoding="UTF-8"?>
<!-- Generated by org.testng.reporters.JUnitReportReporter -->
<testsuite name="testcase.TestNG_testcases" tests="1" time="19.134" ignored="0" failures="0" timestamp="04 Apr 2017 02:50:53 GMT" skipped="0" hostname="thuluva" errors="0">
  <testcase name="TcHomeWtihXpath" time="19.134" classname="testcase.TestNG_testcases"/>
</testsuite> <!-- testcase.TestNG_testcases -->
