<?xml version="1.0" encoding="UTF-8"?>
<!-- Generated by org.testng.reporters.JUnitReportReporter -->
<testsuite hostname="thuluva" name="testng.SecondTest" tests="1" failures="0" timestamp="4 Apr 2017 16:27:06 GMT" time="8.482" errors="0">
  <testcase name="FlightsWithXpth" time="8.482" classname="testng.SecondTest"/>
</testsuite> <!-- testng.SecondTest -->
