<?xml version="1.0" encoding="UTF-8"?>
<!-- Generated by org.testng.reporters.JUnitReportReporter -->
<testsuite name="com.TestNg.TestNG1" tests="3" time="0.051" ignored="0" failures="0" timestamp="13 Feb 2017 02:13:44 GMT" skipped="0" hostname="thuluva" errors="0">
  <testcase name="tc_1" time="0.026" classname="com.TestNg.TestNG1"/>
  <testcase name="tc_3" time="0.009" classname="com.TestNg.TestNG1"/>
  <testcase name="tc_2" time="0.016" classname="com.TestNg.TestNG1"/>
</testsuite> <!-- com.TestNg.TestNG1 -->
