<?xml version="1.0" encoding="UTF-8"?>
<!-- Generated by org.testng.reporters.JUnitReportReporter -->
<testsuite name="NewTest" tests="3" time="0.064" ignored="0" failures="0" timestamp="21 Jun 2017 18:13:22 GMT" skipped="0" hostname="thuluva" errors="0">
  <testcase name="a" time="0.055" classname="NewTest"/>
  <testcase name="c" time="0.003" classname="NewTest"/>
  <testcase name="b" time="0.006" classname="NewTest"/>
</testsuite> <!-- NewTest -->
