<?xml version="1.0" encoding="UTF-8"?>
<!-- Generated by org.testng.reporters.JUnitReportReporter -->
<testsuite name="Testcase_priority" tests="2" time="0.014" ignored="0" failures="0" timestamp="24 Mar 2017 17:33:36 GMT" skipped="0" hostname="thuluva" errors="0">
  <testcase name="second" time="0.011" classname="Testcase_priority"/>
  <testcase name="first" time="0.003" classname="Testcase_priority"/>
</testsuite> <!-- Testcase_priority -->
