<?xml version="1.0" encoding="UTF-8"?>
<!-- Generated by org.testng.reporters.JUnitReportReporter -->
<testsuite name="Verifying_Tittle" tests="2" time="31.969" ignored="0" failures="0" timestamp="24 Mar 2017 15:09:36 GMT" skipped="0" hostname="thuluva" errors="0">
  <testcase name="f" time="18.122" classname="Verifying_Tittle"/>
  <testcase name="verifyHomepageTitle" time="13.847" classname="Verifying_Tittle"/>
</testsuite> <!-- Verifying_Tittle -->
