<?xml version="1.0" encoding="UTF-8"?>
<!-- Generated by org.testng.reporters.JUnitReportReporter -->
<testsuite name="testng.First" tests="1" time="15.467" ignored="0" failures="0" timestamp="04 Apr 2017 05:36:46 GMT" skipped="0" hostname="thuluva" errors="0">
  <testcase name="f" time="15.467" classname="testng.First"/>
</testsuite> <!-- testng.First -->
