<?xml version="1.0" encoding="UTF-8"?>
<!-- Generated by org.testng.reporters.JUnitReportReporter -->
<testsuite hostname="thuluva" name="com.maven.FirstTest" tests="1" failures="0" timestamp="13 Mar 2017 17:18:04 GMT" time="0.084" errors="0">
  <testcase name="f" time="0.084" classname="com.maven.FirstTest"/>
</testsuite> <!-- com.maven.FirstTest -->
